#
# There is insufficient memory for the Java Runtime Environment to continue.
# Native memory allocation (malloc) failed to allocate 2408816 bytes for Chunk::new
# Possible reasons:
#   The system is out of physical RAM or swap space
#   In 32 bit mode, the process size limit was hit
# Possible solutions:
#   Reduce memory load on the system
#   Increase physical memory or swap space
#   Check if swap backing store is full
#   Use 64 bit Java on a 64 bit OS
#   Decrease Java heap size (-Xmx/-Xms)
#   Decrease number of Java threads
#   Decrease Java thread stack sizes (-Xss)
#   Set larger code cache with -XX:ReservedCodeCacheSize=
# This output file may be truncated or incomplete.
#
#  Out of Memory Error (allocation.cpp:390), pid=7900, tid=0x0000000000002df4
#
# JRE version: OpenJDK Runtime Environment (8.0_76-b03) (build 1.8.0_76-release-b03)
# Java VM: OpenJDK 64-Bit Server VM (25.76-b03 mixed mode windows-amd64 compressed oops)
# Failed to write core dump. Minidumps are not enabled by default on client versions of Windows
#

---------------  T H R E A D  ---------------

Current thread (0x0000000018dac800):  JavaThread "C2 CompilerThread1" daemon [_thread_in_native, id=11764, stack(0x000000001a7b0000,0x000000001a8b0000)]

Stack: [0x000000001a7b0000,0x000000001a8b0000]
[error occurred during error reporting (printing stack bounds), id 0xc0000005]

Native frames: (J=compiled Java code, j=interpreted, Vv=VM code, C=native code)


Current CompileTask:
C2: 430287 13326       4       java.net.URLClassLoader$1::run (5 bytes)


---------------  P R O C E S S  ---------------

Java Threads: ( => current thread )
  0x000000001bf91800 JavaThread "Stdin handler" [_thread_blocked, id=17944, stack(0x0000000030070000,0x0000000030170000)]
  0x000000001bf90000 JavaThread "Asynchronous log dispatcher for org.gradle.launcher.daemon.server.DefaultDaemonConnection@78e0a07f" [_thread_blocked, id=11752, stack(0x000000002ff70000,0x0000000030070000)]
  0x000000001bf93800 JavaThread "Daemon worker Thread 3" [_thread_in_Java, id=16696, stack(0x000000002fe70000,0x000000002ff70000)]
  0x000000001bf96000 JavaThread "Cancel handler" [_thread_blocked, id=5404, stack(0x000000002fd70000,0x000000002fe70000)]
  0x000000001bf93000 JavaThread "Handler for socket connection from /127.0.0.1:56679 to /127.0.0.1:59251" [_thread_in_native, id=12104, stack(0x000000002fc70000,0x000000002fd70000)]
  0x000000001bf95000 JavaThread "Daemon Thread 3" [_thread_blocked, id=22988, stack(0x000000002fb70000,0x000000002fc70000)]
  0x000000001e5c1000 JavaThread "pool-4-thread-4" [_thread_blocked, id=15252, stack(0x0000000024b70000,0x0000000024c70000)]
  0x000000001e5c7000 JavaThread "pool-4-thread-3" [_thread_blocked, id=17056, stack(0x0000000024a70000,0x0000000024b70000)]
  0x00000000208e2800 JavaThread "pool-4-thread-2" [_thread_blocked, id=24380, stack(0x0000000024970000,0x0000000024a70000)]
  0x00000000208e1000 JavaThread "pool-4-thread-1" [_thread_blocked, id=744, stack(0x0000000024870000,0x0000000024970000)]
  0x00000000208de000 JavaThread "pool-2-thread-1" [_thread_blocked, id=19748, stack(0x0000000023050000,0x0000000023150000)]
  0x000000002034e000 JavaThread "File lock request listener" [_thread_in_native, id=22128, stack(0x0000000020ad0000,0x0000000020bd0000)]
  0x000000001b910000 JavaThread "pool-1-thread-1" [_thread_blocked, id=19384, stack(0x000000001c770000,0x000000001c870000)]
  0x000000001b906000 JavaThread "Incoming local TCP Connector on port 56679" [_thread_in_native, id=20948, stack(0x000000001c470000,0x000000001c570000)]
  0x000000001a413000 JavaThread "Service Thread" daemon [_thread_blocked, id=7248, stack(0x000000001a9b0000,0x000000001aab0000)]
  0x0000000018dad800 JavaThread "C1 CompilerThread2" daemon [_thread_blocked, id=8468, stack(0x000000001a8b0000,0x000000001a9b0000)]
=>0x0000000018dac800 JavaThread "C2 CompilerThread1" daemon [_thread_in_native, id=11764, stack(0x000000001a7b0000,0x000000001a8b0000)]
  0x0000000018da9000 JavaThread "C2 CompilerThread0" daemon [_thread_blocked, id=1256, stack(0x000000001a2b0000,0x000000001a3b0000)]
  0x0000000018da8800 JavaThread "Attach Listener" daemon [_thread_blocked, id=24420, stack(0x000000001a1b0000,0x000000001a2b0000)]
  0x0000000018d5c800 JavaThread "Signal Dispatcher" daemon [_thread_blocked, id=17552, stack(0x000000001a0b0000,0x000000001a1b0000)]
  0x0000000018d38800 JavaThread "Finalizer" daemon [_thread_blocked, id=7896, stack(0x0000000019fb0000,0x000000001a0b0000)]
  0x00000000053d0000 JavaThread "Reference Handler" daemon [_thread_blocked, id=8424, stack(0x0000000019eb0000,0x0000000019fb0000)]
  0x00000000052e0800 JavaThread "main" [_thread_blocked, id=20680, stack(0x00000000051e0000,0x00000000052e0000)]

Other Threads:
  0x0000000018d15000 VMThread [stack: 0x0000000019db0000,0x0000000019eb0000] [id=12492]
  0x000000001a414800 WatcherThread [stack: 0x000000001aab0000,0x000000001abb0000] [id=26436]

VM state:not at safepoint (normal execution)

VM Mutex/Monitor currently owned by a thread: None

Heap:
 PSYoungGen      total 431616K, used 193160K [0x00000000e0000000, 0x0000000100000000, 0x0000000100000000)
  eden space 343040K, 56% used [0x00000000e0000000,0x00000000ebca21c8,0x00000000f4f00000)
  from space 88576K, 0% used [0x00000000fa980000,0x00000000fa980000,0x0000000100000000)
  to   space 90624K, 0% used [0x00000000f4f00000,0x00000000f4f00000,0x00000000fa780000)
 ParOldGen       total 363008K, used 35091K [0x00000000a0000000, 0x00000000b6280000, 0x00000000e0000000)
  object space 363008K, 9% used [0x00000000a0000000,0x00000000a2244ef0,0x00000000b6280000)
 Metaspace       used 61452K, capacity 63126K, committed 63408K, reserved 1103872K
  class space    used 7732K, capacity 8043K, committed 8112K, reserved 1048576K

Card table byte_map: [0x00000000147a0000,0x0000000014ab0000] byte_map_base: 0x00000000142a0000

Marking Bits: (ParMarkBitMap*) 0x000000005f8d9d00
 Begin Bits: [0x00000000150b0000, 0x00000000168b0000)
 End Bits:   [0x00000000168b0000, 0x00000000180b0000)

Polling page: 0x00000000030c0000

CodeCache: size=245760Kb used=39335Kb max_used=39335Kb free=206424Kb
 bounds [0x00000000053e0000, 0x0000000007a90000, 0x00000000143e0000]
 total_blobs=11609 nmethods=10874 adapters=647
 compilation: enabled

Compilation events (10 events):
Event: 430.204 Thread 0x0000000018dad800 nmethod 13717 0x0000000007a77810 code [0x0000000007a77980, 0x0000000007a77ba8]
Event: 430.204 Thread 0x0000000018dad800 13718       3       com.sun.tools.javac.util.ByteBuffer::appendBytes (9 bytes)
Event: 430.204 Thread 0x0000000018dad800 nmethod 13718 0x0000000007a77cd0 code [0x0000000007a77e40, 0x0000000007a77fe8]
Event: 430.205 Thread 0x0000000018dad800 13719       3       com.sun.tools.javac.code.Symbol::getRawTypeAttributes (21 bytes)
Event: 430.206 Thread 0x0000000018dad800 nmethod 13719 0x0000000007a780d0 code [0x0000000007a78240, 0x0000000007a78470]
Event: 430.207 Thread 0x0000000018dad800 13720       3       com.sun.tools.javac.util.ByteBuffer::reset (6 bytes)
Event: 430.207 Thread 0x0000000018dad800 nmethod 13720 0x0000000007a78550 code [0x0000000007a786a0, 0x0000000007a787f0]
Event: 430.217 Thread 0x0000000018da9000 nmethod 13702 0x0000000007a7c7d0 code [0x0000000007a7caa0, 0x0000000007a7dd00]
Event: 430.217 Thread 0x0000000018da9000 13706       4       com.sun.tools.javac.tree.JCTree$JCIdent::accept (6 bytes)
Event: 430.217 Thread 0x0000000018da9000 nmethod 13706 0x0000000007733290 code [0x00000000077333c0, 0x0000000007733438]

GC Heap History (10 events):
Event: 41.785 GC heap before
{Heap before GC invocations=29 (full 5):
 PSYoungGen      total 399360K, used 339968K [0x00000000e0000000, 0x0000000100000000, 0x0000000100000000)
  eden space 339968K, 100% used [0x00000000e0000000,0x00000000f4c00000,0x00000000f4c00000)
  from space 59392K, 0% used [0x00000000f4c00000,0x00000000f4c00000,0x00000000f8600000)
  to   space 94208K, 0% used [0x00000000fa400000,0x00000000fa400000,0x0000000100000000)
 ParOldGen       total 363008K, used 185929K [0x00000000a0000000, 0x00000000b6280000, 0x00000000e0000000)
  object space 363008K, 51% used [0x00000000a0000000,0x00000000ab5924b0,0x00000000b6280000)
 Metaspace       used 53611K, capacity 54970K, committed 55216K, reserved 1097728K
  class space    used 6906K, capacity 7217K, committed 7344K, reserved 1048576K
Event: 41.838 GC heap after
Heap after GC invocations=29 (full 5):
 PSYoungGen      total 432640K, used 48874K [0x00000000e0000000, 0x0000000100000000, 0x0000000100000000)
  eden space 338432K, 0% used [0x00000000e0000000,0x00000000e0000000,0x00000000f4a80000)
  from space 94208K, 51% used [0x00000000fa400000,0x00000000fd3baad0,0x0000000100000000)
  to   space 91648K, 0% used [0x00000000f4a80000,0x00000000f4a80000,0x00000000fa400000)
 ParOldGen       total 363008K, used 185929K [0x00000000a0000000, 0x00000000b6280000, 0x00000000e0000000)
  object space 363008K, 51% used [0x00000000a0000000,0x00000000ab5924b0,0x00000000b6280000)
 Metaspace       used 53611K, capacity 54970K, committed 55216K, reserved 1097728K
  class space    used 6906K, capacity 7217K, committed 7344K, reserved 1048576K
}
Event: 43.141 GC heap before
{Heap before GC invocations=30 (full 5):
 PSYoungGen      total 432640K, used 92115K [0x00000000e0000000, 0x0000000100000000, 0x0000000100000000)
  eden space 338432K, 12% used [0x00000000e0000000,0x00000000e2a3a420,0x00000000f4a80000)
  from space 94208K, 51% used [0x00000000fa400000,0x00000000fd3baad0,0x0000000100000000)
  to   space 91648K, 0% used [0x00000000f4a80000,0x00000000f4a80000,0x00000000fa400000)
 ParOldGen       total 363008K, used 185929K [0x00000000a0000000, 0x00000000b6280000, 0x00000000e0000000)
  object space 363008K, 51% used [0x00000000a0000000,0x00000000ab5924b0,0x00000000b6280000)
 Metaspace       used 55106K, capacity 56544K, committed 56880K, reserved 1099776K
  class space    used 7071K, capacity 7378K, committed 7472K, reserved 1048576K
Event: 43.173 GC heap after
Heap after GC invocations=30 (full 5):
 PSYoungGen      total 430080K, used 32379K [0x00000000e0000000, 0x0000000100000000, 0x0000000100000000)
  eden space 338432K, 0% used [0x00000000e0000000,0x00000000e0000000,0x00000000f4a80000)
  from space 91648K, 35% used [0x00000000f4a80000,0x00000000f6a1ec70,0x00000000fa400000)
  to   space 88576K, 0% used [0x00000000fa980000,0x00000000fa980000,0x0000000100000000)
 ParOldGen       total 363008K, used 185929K [0x00000000a0000000, 0x00000000b6280000, 0x00000000e0000000)
  object space 363008K, 51% used [0x00000000a0000000,0x00000000ab5924b0,0x00000000b6280000)
 Metaspace       used 55106K, capacity 56544K, committed 56880K, reserved 1099776K
  class space    used 7071K, capacity 7378K, committed 7472K, reserved 1048576K
}
Event: 43.173 GC heap before
{Heap before GC invocations=31 (full 6):
 PSYoungGen      total 430080K, used 32379K [0x00000000e0000000, 0x0000000100000000, 0x0000000100000000)
  eden space 338432K, 0% used [0x00000000e0000000,0x00000000e0000000,0x00000000f4a80000)
  from space 91648K, 35% used [0x00000000f4a80000,0x00000000f6a1ec70,0x00000000fa400000)
  to   space 88576K, 0% used [0x00000000fa980000,0x00000000fa980000,0x0000000100000000)
 ParOldGen       total 363008K, used 185929K [0x00000000a0000000, 0x00000000b6280000, 0x00000000e0000000)
  object space 363008K, 51% used [0x00000000a0000000,0x00000000ab5924b0,0x00000000b6280000)
 Metaspace       used 55106K, capacity 56544K, committed 56880K, reserved 1099776K
  class space    used 7071K, capacity 7378K, committed 7472K, reserved 1048576K
Event: 43.395 GC heap after
Heap after GC invocations=31 (full 6):
 PSYoungGen      total 430080K, used 0K [0x00000000e0000000, 0x0000000100000000, 0x0000000100000000)
  eden space 338432K, 0% used [0x00000000e0000000,0x00000000e0000000,0x00000000f4a80000)
  from space 91648K, 0% used [0x00000000f4a80000,0x00000000f4a80000,0x00000000fa400000)
  to   space 88576K, 0% used [0x00000000fa980000,0x00000000fa980000,0x0000000100000000)
 ParOldGen       total 363008K, used 35170K [0x00000000a0000000, 0x00000000b6280000, 0x00000000e0000000)
  object space 363008K, 9% used [0x00000000a0000000,0x00000000a2258900,0x00000000b6280000)
 Metaspace       used 55106K, capacity 56544K, committed 56880K, reserved 1099776K
  class space    used 7071K, capacity 7378K, committed 7472K, reserved 1048576K
}
Event: 340.602 GC heap before
{Heap before GC invocations=32 (full 6):
 PSYoungGen      total 430080K, used 147979K [0x00000000e0000000, 0x0000000100000000, 0x0000000100000000)
  eden space 338432K, 43% used [0x00000000e0000000,0x00000000e9082f58,0x00000000f4a80000)
  from space 91648K, 0% used [0x00000000f4a80000,0x00000000f4a80000,0x00000000fa400000)
  to   space 88576K, 0% used [0x00000000fa980000,0x00000000fa980000,0x0000000100000000)
 ParOldGen       total 363008K, used 35170K [0x00000000a0000000, 0x00000000b6280000, 0x00000000e0000000)
  object space 363008K, 9% used [0x00000000a0000000,0x00000000a2258900,0x00000000b6280000)
 Metaspace       used 55828K, capacity 57346K, committed 57648K, reserved 1099776K
  class space    used 7100K, capacity 7409K, committed 7472K, reserved 1048576K
Event: 340.621 GC heap after
Heap after GC invocations=32 (full 6):
 PSYoungGen      total 431616K, used 1328K [0x00000000e0000000, 0x0000000100000000, 0x0000000100000000)
  eden space 343040K, 0% used [0x00000000e0000000,0x00000000e0000000,0x00000000f4f00000)
  from space 88576K, 1% used [0x00000000fa980000,0x00000000faacc030,0x0000000100000000)
  to   space 90624K, 0% used [0x00000000f4f00000,0x00000000f4f00000,0x00000000fa780000)
 ParOldGen       total 363008K, used 35178K [0x00000000a0000000, 0x00000000b6280000, 0x00000000e0000000)
  object space 363008K, 9% used [0x00000000a0000000,0x00000000a225a900,0x00000000b6280000)
 Metaspace       used 55828K, capacity 57346K, committed 57648K, reserved 1099776K
  class space    used 7100K, capacity 7409K, committed 7472K, reserved 1048576K
}
Event: 340.622 GC heap before
{Heap before GC invocations=33 (full 7):
 PSYoungGen      total 431616K, used 1328K [0x00000000e0000000, 0x0000000100000000, 0x0000000100000000)
  eden space 343040K, 0% used [0x00000000e0000000,0x00000000e0000000,0x00000000f4f00000)
  from space 88576K, 1% used [0x00000000fa980000,0x00000000faacc030,0x0000000100000000)
  to   space 90624K, 0% used [0x00000000f4f00000,0x00000000f4f00000,0x00000000fa780000)
 ParOldGen       total 363008K, used 35178K [0x00000000a0000000, 0x00000000b6280000, 0x00000000e0000000)
  object space 363008K, 9% used [0x00000000a0000000,0x00000000a225a900,0x00000000b6280000)
 Metaspace       used 55828K, capacity 57346K, committed 57648K, reserved 1099776K
  class space    used 7100K, capacity 7409K, committed 7472K, reserved 1048576K
Event: 340.970 GC heap after
Heap after GC invocations=33 (full 7):
 PSYoungGen      total 431616K, used 0K [0x00000000e0000000, 0x0000000100000000, 0x0000000100000000)
  eden space 343040K, 0% used [0x00000000e0000000,0x00000000e0000000,0x00000000f4f00000)
  from space 88576K, 0% used [0x00000000fa980000,0x00000000fa980000,0x0000000100000000)
  to   space 90624K, 0% used [0x00000000f4f00000,0x00000000f4f00000,0x00000000fa780000)
 ParOldGen       total 363008K, used 35091K [0x00000000a0000000, 0x00000000b6280000, 0x00000000e0000000)
  object space 363008K, 9% used [0x00000000a0000000,0x00000000a2244ef0,0x00000000b6280000)
 Metaspace       used 55828K, capacity 57346K, committed 57648K, reserved 1099776K
  class space    used 7100K, capacity 7409K, committed 7472K, reserved 1048576K
}

Deoptimization events (10 events):
Event: 429.516 Thread 0x000000001bf93800 Uncommon trap: reason=unloaded action=reinterpret pc=0x00000000078cea90 method=com.sun.tools.javac.jvm.ClassReader.readPool(I)Ljava/lang/Object; @ 390
Event: 429.620 Thread 0x000000001bf93800 Uncommon trap: reason=bimorphic action=maybe_recompile pc=0x00000000078f22d4 method=com.sun.tools.javac.code.Scope.lookup(Lcom/sun/tools/javac/util/Name;Lcom/sun/tools/javac/util/Filter;)Lcom/sun/tools/javac/code/Scope$Entry; @ 49
Event: 429.621 Thread 0x000000001bf93800 Uncommon trap: reason=bimorphic action=maybe_recompile pc=0x00000000078f22d4 method=com.sun.tools.javac.code.Scope.lookup(Lcom/sun/tools/javac/util/Name;Lcom/sun/tools/javac/util/Filter;)Lcom/sun/tools/javac/code/Scope$Entry; @ 49
Event: 429.621 Thread 0x000000001bf93800 Uncommon trap: reason=bimorphic action=maybe_recompile pc=0x00000000078f22d4 method=com.sun.tools.javac.code.Scope.lookup(Lcom/sun/tools/javac/util/Name;Lcom/sun/tools/javac/util/Filter;)Lcom/sun/tools/javac/code/Scope$Entry; @ 49
Event: 429.621 Thread 0x000000001bf93800 Uncommon trap: reason=bimorphic action=maybe_recompile pc=0x00000000078f22d4 method=com.sun.tools.javac.code.Scope.lookup(Lcom/sun/tools/javac/util/Name;Lcom/sun/tools/javac/util/Filter;)Lcom/sun/tools/javac/code/Scope$Entry; @ 49
Event: 429.716 Thread 0x000000001bf93800 Uncommon trap: reason=unstable_if action=reinterpret pc=0x00000000078a903c method=com.sun.tools.javac.code.Scope.dble()V @ 44
Event: 429.788 Thread 0x000000001bf93800 Uncommon trap: reason=unstable_if action=reinterpret pc=0x00000000078fdf24 method=com.sun.tools.javac.code.Scope.lookup(Lcom/sun/tools/javac/util/Name;Lcom/sun/tools/javac/util/Filter;)Lcom/sun/tools/javac/code/Scope$Entry; @ 19
Event: 429.980 Thread 0x000000001bf93800 Uncommon trap: reason=unstable_if action=reinterpret pc=0x00000000078ea6d8 method=com.sun.tools.javac.util.ListBuffer.append(Ljava/lang/Object;)Lcom/sun/tools/javac/util/ListBuffer; @ 9
Event: 429.987 Thread 0x000000001bf93800 Uncommon trap: reason=unstable_if action=reinterpret pc=0x00000000078cae58 method=com.sun.tools.javac.util.Convert.chars2utf([CI[BII)I @ 35
Event: 430.001 Thread 0x000000001bf93800 Uncommon trap: reason=unstable_if action=reinterpret pc=0x00000000058ce10c method=com.sun.tools.javac.util.Convert.chars2utf([CI[BII)I @ 35

Internal exceptions (10 events):
Event: 336.946 Thread 0x000000001bf91800 Exception <a 'java/lang/ClassNotFoundException': asLocalRepo605_7jeww03at3klzl8ganvu4y0ttCustomizer> (0x00000000e14447f8) thrown at [C:\src\android\AOSP-openjdk\external\jetbrains\jdk\hotspot\src\share\vm\classfile\systemDictionary.cpp, line 210]
Event: 338.238 Thread 0x000000001bf91800 Implicit null exception at 0x0000000006b7cc0d to 0x0000000006b7cf75
Event: 338.241 Thread 0x000000001bf91800 Exception <a 'sun/nio/fs/WindowsException'> (0x00000000e58f8568) thrown at [C:\src\android\AOSP-openjdk\external\jetbrains\jdk\hotspot\src\share\vm\prims\jni.cpp, line 709]
Event: 338.241 Thread 0x000000001bf91800 Implicit null exception at 0x0000000006a16332 to 0x0000000006a16501
Event: 338.298 Thread 0x000000001bf91800 Exception <a 'java/lang/reflect/InvocationTargetException'> (0x00000000e5a078c8) thrown at [C:\src\android\AOSP-openjdk\external\jetbrains\jdk\hotspot\src\share\vm\runtime\reflection.cpp, line 1092]
Event: 426.398 Thread 0x000000001bf93800 Exception <a 'java/lang/ClassNotFoundException': asLocalRepo294_1araz3le2rn45zgfn7t442d3xBeanInfo> (0x00000000e100ae50) thrown at [C:\src\android\AOSP-openjdk\external\jetbrains\jdk\hotspot\src\share\vm\classfile\systemDictionary.cpp, line 210]
Event: 426.398 Thread 0x000000001bf93800 Exception <a 'java/lang/ClassNotFoundException': asLocalRepo294_1araz3le2rn45zgfn7t442d3xCustomizer> (0x00000000e10149b0) thrown at [C:\src\android\AOSP-openjdk\external\jetbrains\jdk\hotspot\src\share\vm\classfile\systemDictionary.cpp, line 210]
Event: 426.953 Thread 0x000000001bf93800 Exception <a 'sun/nio/fs/WindowsException'> (0x00000000e56269f8) thrown at [C:\src\android\AOSP-openjdk\external\jetbrains\jdk\hotspot\src\share\vm\prims\jni.cpp, line 709]
Event: 428.290 Thread 0x000000001bf93800 Implicit null exception at 0x0000000006618f1b to 0x000000000661a021
Event: 428.293 Thread 0x000000001bf93800 Implicit null exception at 0x000000000662868f to 0x0000000006629455

Events (10 events):
Event: 429.987 Thread 0x000000001bf93800 Uncommon trap: trap_request=0xffffff65 fr.pc=0x00000000078cae58
Event: 429.987 Thread 0x000000001bf93800 DEOPT PACKING pc=0x00000000078cae58 sp=0x000000002ff6b7b0
Event: 429.987 Thread 0x000000001bf93800 DEOPT UNPACKING pc=0x000000000542556a sp=0x000000002ff6b6a8 mode 2
Event: 430.001 Thread 0x000000001bf93800 Uncommon trap: trap_request=0xffffff65 fr.pc=0x00000000058ce10c
Event: 430.001 Thread 0x000000001bf93800 DEOPT PACKING pc=0x00000000058ce10c sp=0x000000002ff6b700
Event: 430.001 Thread 0x000000001bf93800 DEOPT UNPACKING pc=0x000000000542556a sp=0x000000002ff6b690 mode 2
Event: 430.114 loading class com/sun/tools/javac/code/Types$MembersClosureCache$MembersScope$1
Event: 430.114 loading class com/sun/tools/javac/code/Types$MembersClosureCache$MembersScope$1 done
Event: 430.172 Executing VM operation: ForceSafepoint
Event: 430.172 Executing VM operation: ForceSafepoint done


Dynamic libraries:
0x00007ff6402f0000 - 0x00007ff640321000 	D:\Android\Android Studio1\jre\bin\java.exe
0x00007ffdb2ed0000 - 0x00007ffdb30b0000 	C:\WINDOWS\SYSTEM32\ntdll.dll
0x00007ffdb2ba0000 - 0x00007ffdb2c4e000 	C:\WINDOWS\System32\KERNEL32.DLL
0x00007ffdafe60000 - 0x00007ffdb00c6000 	C:\WINDOWS\System32\KERNELBASE.dll
0x00007ffdb05d0000 - 0x00007ffdb0671000 	C:\WINDOWS\System32\ADVAPI32.dll
0x00007ffdb2480000 - 0x00007ffdb251d000 	C:\WINDOWS\System32\msvcrt.dll
0x00007ffdb2390000 - 0x00007ffdb23eb000 	C:\WINDOWS\System32\sechost.dll
0x00007ffdb2860000 - 0x00007ffdb297f000 	C:\WINDOWS\System32\RPCRT4.dll
0x00007ffdb03a0000 - 0x00007ffdb052f000 	C:\WINDOWS\System32\USER32.dll
0x00007ffdaf470000 - 0x00007ffdaf490000 	C:\WINDOWS\System32\win32u.dll
0x00007ffdb2450000 - 0x00007ffdb2478000 	C:\WINDOWS\System32\GDI32.dll
0x00007ffdaf2d0000 - 0x00007ffdaf463000 	C:\WINDOWS\System32\gdi32full.dll
0x00007ffdb01d0000 - 0x00007ffdb026b000 	C:\WINDOWS\System32\msvcp_win.dll
0x00007ffdb00d0000 - 0x00007ffdb01c6000 	C:\WINDOWS\System32\ucrtbase.dll
0x00007ffd9fc10000 - 0x00007ffd9fe79000 	C:\WINDOWS\WinSxS\amd64_microsoft.windows.common-controls_6595b64144ccf1df_6.0.16299.125_none_15cbcf8893620c09\COMCTL32.dll
0x00007ffdb0ad0000 - 0x00007ffdb0dd8000 	C:\WINDOWS\System32\combase.dll
0x00007ffdb0270000 - 0x00007ffdb02e2000 	C:\WINDOWS\System32\bcryptPrimitives.dll
0x00007ffdb2a00000 - 0x00007ffdb2a2d000 	C:\WINDOWS\System32\IMM32.DLL
0x000000005f040000 - 0x000000005f112000 	D:\Android\Android Studio1\jre\jre\bin\msvcr100.dll
0x000000005f120000 - 0x000000005f954000 	D:\Android\Android Studio1\jre\jre\bin\server\jvm.dll
0x00007ffdb2e90000 - 0x00007ffdb2e98000 	C:\WINDOWS\System32\PSAPI.DLL
0x00007ffdab870000 - 0x00007ffdab879000 	C:\WINDOWS\SYSTEM32\WSOCK32.dll
0x00007ffdab9c0000 - 0x00007ffdab9e3000 	C:\WINDOWS\SYSTEM32\WINMM.dll
0x00007ffd9f320000 - 0x00007ffd9f32a000 	C:\WINDOWS\SYSTEM32\VERSION.dll
0x00007ffdab960000 - 0x00007ffdab98a000 	C:\WINDOWS\SYSTEM32\winmmbase.dll
0x00007ffdb02f0000 - 0x00007ffdb033a000 	C:\WINDOWS\System32\cfgmgr32.dll
0x00007ffdb2980000 - 0x00007ffdb29ec000 	C:\WINDOWS\System32\ws2_32.DLL
0x00007ffdaaae0000 - 0x00007ffdaaaef000 	D:\Android\Android Studio1\jre\jre\bin\verify.dll
0x00007ffda0640000 - 0x00007ffda0669000 	D:\Android\Android Studio1\jre\jre\bin\java.dll
0x00007ffdaaac0000 - 0x00007ffdaaad6000 	D:\Android\Android Studio1\jre\jre\bin\zip.dll
0x00007ffdb0de0000 - 0x00007ffdb2216000 	C:\WINDOWS\System32\SHELL32.dll
0x00007ffdb2de0000 - 0x00007ffdb2e86000 	C:\WINDOWS\System32\shcore.dll
0x00007ffdaf710000 - 0x00007ffdafe57000 	C:\WINDOWS\System32\windows.storage.dll
0x00007ffdb2c50000 - 0x00007ffdb2ca1000 	C:\WINDOWS\System32\shlwapi.dll
0x00007ffdaf220000 - 0x00007ffdaf231000 	C:\WINDOWS\System32\kernel.appcore.dll
0x00007ffdaf280000 - 0x00007ffdaf2cc000 	C:\WINDOWS\System32\powrprof.dll
0x00007ffdaf240000 - 0x00007ffdaf25b000 	C:\WINDOWS\System32\profapi.dll
0x00007ffda9c10000 - 0x00007ffda9c2a000 	D:\Android\Android Studio1\jre\jre\bin\net.dll
0x00007ffdaeab0000 - 0x00007ffdaeb16000 	C:\WINDOWS\system32\mswsock.dll
0x00007ffda0080000 - 0x00007ffda0091000 	D:\Android\Android Studio1\jre\jre\bin\nio.dll
0x00007ffda21d0000 - 0x00007ffda21e2000 	C:\Users\k41\.gradle\native\19\windows-amd64\native-platform.dll
0x00007ffdaec80000 - 0x00007ffdaec97000 	C:\WINDOWS\SYSTEM32\CRYPTSP.dll
0x00007ffdae6c0000 - 0x00007ffdae6f3000 	C:\WINDOWS\system32\rsaenh.dll
0x00007ffdaed80000 - 0x00007ffdaeda5000 	C:\WINDOWS\SYSTEM32\bcrypt.dll
0x00007ffdaf150000 - 0x00007ffdaf179000 	C:\WINDOWS\SYSTEM32\USERENV.dll
0x00007ffdaec70000 - 0x00007ffdaec7b000 	C:\WINDOWS\SYSTEM32\CRYPTBASE.dll
0x00007ffdae840000 - 0x00007ffdae879000 	C:\WINDOWS\SYSTEM32\IPHLPAPI.DLL
0x00007ffdb2520000 - 0x00007ffdb2528000 	C:\WINDOWS\System32\NSI.dll
0x00007ffda8b00000 - 0x00007ffda8b16000 	C:\WINDOWS\SYSTEM32\dhcpcsvc6.DLL
0x00007ffda8ae0000 - 0x00007ffda8afa000 	C:\WINDOWS\SYSTEM32\dhcpcsvc.DLL
0x00007ffda96c0000 - 0x00007ffda96cd000 	D:\Android\Android Studio1\jre\jre\bin\management.dll

VM Arguments:
jvm_args: -Xmx1536m -Dfile.encoding=GBK -Duser.country=CN -Duser.language=zh -Duser.variant 
java_command: org.gradle.launcher.daemon.bootstrap.GradleDaemon 2.14.1
java_class_path (initial): D:\Android\Android Studio1\gradle\gradle-2.14.1\lib\gradle-launcher-2.14.1.jar
Launcher Type: SUN_STANDARD

Environment Variables:
JAVA_HOME=C:\Program Files\Java\jdk1.8.0_131
PATH=C:\ProgramData\Oracle\Java\javapath;C:\WINDOWS\system32;C:\WINDOWS;C:\WINDOWS\System32\Wbem;C:\WINDOWS\System32\WindowsPowerShell\v1.0\;D:\TortoiseSVN\bin;D:\Android\sdk1\ndk-bundle\ndk-build.cmd;D:\Android\sdk1\platform-tools;C:\Program Files\Java\jdk1.8.0_131\bin;C:\Program Files\Java\jdk1.8.0_131\lib\dt.jar;C:\Program Files\Java\jdk1.8.0_131\jre\bin;D:\Android_tools\apache-tomcat-7.0.79-windows-x64\apache-tomcat-7.0.79\lib;D:\Android_tools\apache-tomcat-7.0.79-windows-x64\apache-tomcat-7.0.79\lib\servlet-api.jar;D:\Android_tools\apache-tomcat-7.0.79-windows-x64\apache-tomcat-7.0.79\lib\jsp-api.jar;C:\Program Files\OpenVPN\bin;C:\Users\k41\AppData\Local\Microsoft\WindowsApps;D:\Android_tools\mysql-5.6.37\mysql-5.6.37\bin£»;
USERNAME=k41
OS=Windows_NT
PROCESSOR_IDENTIFIER=Intel64 Family 6 Model 78 Stepping 3, GenuineIntel



---------------  S Y S T E M  ---------------

OS: Windows 10.0 , 64 bit Build 16299 (10.0.16299.15)

CPU:total 4 (2 cores per cpu, 2 threads per core) family 6 model 78 stepping 3, cmov, cx8, fxsr, mmx, sse, sse2, sse3, ssse3, sse4.1, sse4.2, popcnt, avx, avx2, aes, clmul, erms, 3dnowpref, lzcnt, ht, tsc, tscinvbit, bmi1, bmi2, adx

Memory: 4k page, physical 7798880k(417948k free), swap 20906204k(7400k free)

vm_info: OpenJDK 64-Bit Server VM (25.76-b03) for windows-amd64 JRE (1.8.0_76-release-b03), built on Jun 29 2016 19:09:20 by "ralucas" with MS VC++ 10.0 (VS2010)

time: Thu Feb 01 18:49:00 2018
elapsed time: 430 seconds (0d 0h 7m 10s)

