#
# There is insufficient memory for the Java Runtime Environment to continue.
# Native memory allocation (malloc) failed to allocate 1095536 bytes for Chunk::new
# Possible reasons:
#   The system is out of physical RAM or swap space
#   In 32 bit mode, the process size limit was hit
# Possible solutions:
#   Reduce memory load on the system
#   Increase physical memory or swap space
#   Check if swap backing store is full
#   Use 64 bit Java on a 64 bit OS
#   Decrease Java heap size (-Xmx/-Xms)
#   Decrease number of Java threads
#   Decrease Java thread stack sizes (-Xss)
#   Set larger code cache with -XX:ReservedCodeCacheSize=
# This output file may be truncated or incomplete.
#
#  Out of Memory Error (allocation.cpp:390), pid=9268, tid=0x0000000000003734
#
# JRE version: OpenJDK Runtime Environment (8.0_76-b03) (build 1.8.0_76-release-b03)
# Java VM: OpenJDK 64-Bit Server VM (25.76-b03 mixed mode windows-amd64 compressed oops)
# Failed to write core dump. Minidumps are not enabled by default on client versions of Windows
#

---------------  T H R E A D  ---------------

Current thread (0x0000000018ce9000):  JavaThread "C2 CompilerThread0" daemon [_thread_in_native, id=14132, stack(0x000000001a1f0000,0x000000001a2f0000)]

Stack: [0x000000001a1f0000,0x000000001a2f0000]
[error occurred during error reporting (printing stack bounds), id 0xc0000005]

Native frames: (J=compiled Java code, j=interpreted, Vv=VM code, C=native code)


Current CompileTask:
C2:  56991 14533   !   4       com.android.dx.cf.code.BytecodeArray::parseInstruction (2764 bytes)


---------------  P R O C E S S  ---------------

Java Threads: ( => current thread )
  0x000000001e2e5800 JavaThread "pool-24-thread-4" [_thread_in_Java, id=23708, stack(0x0000000027c80000,0x0000000027d80000)]
  0x000000001e2ec000 JavaThread "pool-24-thread-2" [_thread_in_Java, id=15592, stack(0x0000000027a80000,0x0000000027b80000)]
  0x000000001e2e4000 JavaThread "pool-25-thread-1" [_thread_blocked, id=24740, stack(0x0000000027980000,0x0000000027a80000)]
  0x0000000021687000 JavaThread "pool-7-thread-4" [_thread_blocked, id=25812, stack(0x0000000025980000,0x0000000025a80000)]
  0x000000002167f800 JavaThread "pool-7-thread-2" [_thread_blocked, id=12280, stack(0x0000000025880000,0x0000000025980000)]
  0x0000000021685800 JavaThread "pool-7-thread-3" [_thread_blocked, id=7940, stack(0x0000000025780000,0x0000000025880000)]
  0x0000000021684800 JavaThread "pool-7-thread-1" [_thread_blocked, id=22928, stack(0x0000000025680000,0x0000000025780000)]
  0x0000000021686000 JavaThread "pool-4-thread-4" [_thread_blocked, id=6004, stack(0x0000000025580000,0x0000000025680000)]
  0x000000002167d000 JavaThread "pool-4-thread-3" [_thread_blocked, id=18412, stack(0x0000000025480000,0x0000000025580000)]
  0x0000000021683000 JavaThread "pool-4-thread-2" [_thread_blocked, id=2336, stack(0x0000000025380000,0x0000000025480000)]
  0x0000000021684000 JavaThread "pool-4-thread-1" [_thread_blocked, id=11640, stack(0x0000000022a10000,0x0000000022b10000)]
  0x000000001e0a5800 JavaThread "pool-2-thread-1" [_thread_blocked, id=13244, stack(0x0000000022110000,0x0000000022210000)]
  0x000000001e0a5000 JavaThread "File lock request listener" [_thread_in_native, id=25560, stack(0x0000000021c10000,0x0000000021d10000)]
  0x000000001b9e3800 JavaThread "Stdin handler" [_thread_blocked, id=14376, stack(0x000000001ce80000,0x000000001cf80000)]
  0x000000001b9e2800 JavaThread "Asynchronous log dispatcher for org.gradle.launcher.daemon.server.DefaultDaemonConnection@75869fe9" [_thread_blocked, id=8384, stack(0x000000001cd80000,0x000000001ce80000)]
  0x000000001b821800 JavaThread "Daemon worker" [_thread_blocked, id=21040, stack(0x000000001ca80000,0x000000001cb80000)]
  0x000000001b81e800 JavaThread "Cancel handler" [_thread_blocked, id=18168, stack(0x000000001c980000,0x000000001ca80000)]
  0x000000001b7f3800 JavaThread "Handler for socket connection from /127.0.0.1:56262 to /127.0.0.1:56263" [_thread_in_native, id=9548, stack(0x000000001c880000,0x000000001c980000)]
  0x000000001b7a2000 JavaThread "Daemon" [_thread_blocked, id=7748, stack(0x000000001c780000,0x000000001c880000)]
  0x000000001b6fb000 JavaThread "pool-1-thread-1" [_thread_blocked, id=9328, stack(0x000000001c680000,0x000000001c780000)]
  0x000000001b6f5800 JavaThread "Incoming local TCP Connector on port 56262" [_thread_in_native, id=23036, stack(0x000000001c380000,0x000000001c480000)]
  0x000000001a32c000 JavaThread "Service Thread" daemon [_thread_blocked, id=20476, stack(0x000000001a8f0000,0x000000001a9f0000)]
  0x000000001a2f8000 JavaThread "C1 CompilerThread2" daemon [_thread_blocked, id=15532, stack(0x000000001a7f0000,0x000000001a8f0000)]
  0x0000000018cec800 JavaThread "C2 CompilerThread1" daemon [_thread_blocked, id=21820, stack(0x000000001a6f0000,0x000000001a7f0000)]
=>0x0000000018ce9000 JavaThread "C2 CompilerThread0" daemon [_thread_in_native, id=14132, stack(0x000000001a1f0000,0x000000001a2f0000)]
  0x0000000018ce8800 JavaThread "Attach Listener" daemon [_thread_blocked, id=10084, stack(0x000000001a0f0000,0x000000001a1f0000)]
  0x0000000018c9d000 JavaThread "Signal Dispatcher" daemon [_thread_blocked, id=16052, stack(0x0000000019ff0000,0x000000001a0f0000)]
  0x000000000531d000 JavaThread "Finalizer" daemon [_thread_blocked, id=14512, stack(0x0000000019ef0000,0x0000000019ff0000)]
  0x0000000005312000 JavaThread "Reference Handler" daemon [_thread_blocked, id=16480, stack(0x0000000019df0000,0x0000000019ef0000)]
  0x0000000005220800 JavaThread "main" [_thread_blocked, id=6820, stack(0x0000000005120000,0x0000000005220000)]

Other Threads:
  0x0000000018c55800 VMThread [stack: 0x0000000019cf0000,0x0000000019df0000] [id=11528]
  0x000000001a32d000 WatcherThread [stack: 0x000000001a9f0000,0x000000001aaf0000] [id=2056]

VM state:not at safepoint (normal execution)

VM Mutex/Monitor currently owned by a thread: None

Heap:
 PSYoungGen      total 412672K, used 19520K [0x00000000e0000000, 0x0000000100000000, 0x0000000100000000)
  eden space 331776K, 5% used [0x00000000e0000000,0x00000000e1310238,0x00000000f4400000)
  from space 80896K, 0% used [0x00000000fb100000,0x00000000fb100000,0x0000000100000000)
  to   space 96256K, 0% used [0x00000000f4400000,0x00000000f4400000,0x00000000fa200000)
 ParOldGen       total 231424K, used 177878K [0x00000000a0000000, 0x00000000ae200000, 0x00000000e0000000)
  object space 231424K, 76% used [0x00000000a0000000,0x00000000aadb5b10,0x00000000ae200000)
 Metaspace       used 63799K, capacity 65384K, committed 65576K, reserved 1105920K
  class space    used 8075K, capacity 8404K, committed 8496K, reserved 1048576K

Card table byte_map: [0x00000000146e0000,0x00000000149f0000] byte_map_base: 0x00000000141e0000

Marking Bits: (ParMarkBitMap*) 0x000000005f8d9d00
 Begin Bits: [0x0000000014ff0000, 0x00000000167f0000)
 End Bits:   [0x00000000167f0000, 0x0000000017ff0000)

Polling page: 0x00000000030c0000

CodeCache: size=245760Kb used=44273Kb max_used=44311Kb free=201486Kb
 bounds [0x0000000005320000, 0x0000000007ec0000, 0x0000000014320000]
 total_blobs=12160 nmethods=11416 adapters=656
 compilation: enabled

Compilation events (10 events):
Event: 56.691 Thread 0x0000000018cec800 14535       4       com.android.dx.cf.code.Frame::<init> (52 bytes)
Event: 56.693 Thread 0x0000000018cec800 nmethod 14535 0x0000000005589ad0 code [0x0000000005589c20, 0x0000000005589d18]
Event: 56.699 Thread 0x000000001a2f8000 14540       3       com.android.dx.ssa.LiteralOpUpgrader$1::visitNonMoveInsn (203 bytes)
Event: 56.701 Thread 0x000000001a2f8000 nmethod 14540 0x0000000007551e10 code [0x00000000075522e0, 0x0000000007555ea8]
Event: 56.706 Thread 0x000000001a2f8000 14541       3       com.android.dx.rop.code.Insn::contentEquals (84 bytes)
Event: 56.707 Thread 0x000000001a2f8000 nmethod 14541 0x00000000054cdc90 code [0x00000000054cdea0, 0x00000000054cec98]
Event: 56.710 Thread 0x0000000018cec800 14542       4       com.android.dx.util.Hex::u2 (44 bytes)
Event: 56.714 Thread 0x0000000018cec800 nmethod 14542 0x0000000005e0fc90 code [0x0000000005e0fde0, 0x0000000005e10058]
Event: 56.774 Thread 0x0000000018cec800 14543       4       com.android.dx.ssa.LiteralOpUpgrader$1::visitNonMoveInsn (203 bytes)
Event: 56.787 Thread 0x0000000018cec800 nmethod 14543 0x000000000580a610 code [0x000000000580a900, 0x000000000580b3f8]

GC Heap History (10 events):
Event: 46.167 GC heap before
{Heap before GC invocations=19 (full 4):
 PSYoungGen      total 423936K, used 45545K [0x00000000e0000000, 0x0000000100000000, 0x0000000100000000)
  eden space 378368K, 0% used [0x00000000e0000000,0x00000000e0000000,0x00000000f7180000)
  from space 45568K, 99% used [0x00000000f7180000,0x00000000f9dfa788,0x00000000f9e00000)
  to   space 67072K, 0% used [0x00000000fbe80000,0x00000000fbe80000,0x0000000100000000)
 ParOldGen       total 118272K, used 107051K [0x00000000a0000000, 0x00000000a7380000, 0x00000000e0000000)
  object space 118272K, 90% used [0x00000000a0000000,0x00000000a688acc8,0x00000000a7380000)
 Metaspace       used 63709K, capacity 65280K, committed 65576K, reserved 1105920K
  class space    used 8077K, capacity 8410K, committed 8496K, reserved 1048576K
Event: 48.136 GC heap after
Heap after GC invocations=19 (full 4):
 PSYoungGen      total 423936K, used 0K [0x00000000e0000000, 0x0000000100000000, 0x0000000100000000)
  eden space 378368K, 0% used [0x00000000e0000000,0x00000000e0000000,0x00000000f7180000)
  from space 45568K, 0% used [0x00000000f7180000,0x00000000f7180000,0x00000000f9e00000)
  to   space 67072K, 0% used [0x00000000fbe80000,0x00000000fbe80000,0x0000000100000000)
 ParOldGen       total 231424K, used 114389K [0x00000000a0000000, 0x00000000ae200000, 0x00000000e0000000)
  object space 231424K, 49% used [0x00000000a0000000,0x00000000a6fb57f0,0x00000000ae200000)
 Metaspace       used 63700K, capacity 65256K, committed 65576K, reserved 1105920K
  class space    used 8074K, capacity 8404K, committed 8496K, reserved 1048576K
}
Event: 52.378 GC heap before
{Heap before GC invocations=20 (full 4):
 PSYoungGen      total 423936K, used 378368K [0x00000000e0000000, 0x0000000100000000, 0x0000000100000000)
  eden space 378368K, 100% used [0x00000000e0000000,0x00000000f7180000,0x00000000f7180000)
  from space 45568K, 0% used [0x00000000f7180000,0x00000000f7180000,0x00000000f9e00000)
  to   space 67072K, 0% used [0x00000000fbe80000,0x00000000fbe80000,0x0000000100000000)
 ParOldGen       total 231424K, used 114389K [0x00000000a0000000, 0x00000000ae200000, 0x00000000e0000000)
  object space 231424K, 49% used [0x00000000a0000000,0x00000000a6fb57f0,0x00000000ae200000)
 Metaspace       used 63755K, capacity 65320K, committed 65576K, reserved 1105920K
  class space    used 8074K, capacity 8404K, committed 8496K, reserved 1048576K
Event: 52.562 GC heap after
Heap after GC invocations=20 (full 4):
 PSYoungGen      total 430592K, used 67050K [0x00000000e0000000, 0x0000000100000000, 0x0000000100000000)
  eden space 363520K, 0% used [0x00000000e0000000,0x00000000e0000000,0x00000000f6300000)
  from space 67072K, 99% used [0x00000000fbe80000,0x00000000ffffaa30,0x0000000100000000)
  to   space 80384K, 0% used [0x00000000f6300000,0x00000000f6300000,0x00000000fb180000)
 ParOldGen       total 231424K, used 118910K [0x00000000a0000000, 0x00000000ae200000, 0x00000000e0000000)
  object space 231424K, 51% used [0x00000000a0000000,0x00000000a741fa80,0x00000000ae200000)
 Metaspace       used 63755K, capacity 65320K, committed 65576K, reserved 1105920K
  class space    used 8074K, capacity 8404K, committed 8496K, reserved 1048576K
}
Event: 53.694 GC heap before
{Heap before GC invocations=21 (full 4):
 PSYoungGen      total 430592K, used 430570K [0x00000000e0000000, 0x0000000100000000, 0x0000000100000000)
  eden space 363520K, 100% used [0x00000000e0000000,0x00000000f6300000,0x00000000f6300000)
  from space 67072K, 99% used [0x00000000fbe80000,0x00000000ffffaa30,0x0000000100000000)
  to   space 80384K, 0% used [0x00000000f6300000,0x00000000f6300000,0x00000000fb180000)
 ParOldGen       total 231424K, used 118910K [0x00000000a0000000, 0x00000000ae200000, 0x00000000e0000000)
  object space 231424K, 51% used [0x00000000a0000000,0x00000000a741fa80,0x00000000ae200000)
 Metaspace       used 63789K, capacity 65384K, committed 65576K, reserved 1105920K
  class space    used 8074K, capacity 8404K, committed 8496K, reserved 1048576K
Event: 53.857 GC heap after
Heap after GC invocations=21 (full 4):
 PSYoungGen      total 443392K, used 79469K [0x00000000e0000000, 0x0000000100000000, 0x0000000100000000)
  eden space 363520K, 0% used [0x00000000e0000000,0x00000000e0000000,0x00000000f6300000)
  from space 79872K, 99% used [0x00000000f6300000,0x00000000fb09b5d0,0x00000000fb100000)
  to   space 80896K, 0% used [0x00000000fb100000,0x00000000fb100000,0x0000000100000000)
 ParOldGen       total 231424K, used 165366K [0x00000000a0000000, 0x00000000ae200000, 0x00000000e0000000)
  object space 231424K, 71% used [0x00000000a0000000,0x00000000aa17da30,0x00000000ae200000)
 Metaspace       used 63789K, capacity 65384K, committed 65576K, reserved 1105920K
  class space    used 8074K, capacity 8404K, committed 8496K, reserved 1048576K
}
Event: 55.029 GC heap before
{Heap before GC invocations=22 (full 4):
 PSYoungGen      total 443392K, used 442989K [0x00000000e0000000, 0x0000000100000000, 0x0000000100000000)
  eden space 363520K, 100% used [0x00000000e0000000,0x00000000f6300000,0x00000000f6300000)
  from space 79872K, 99% used [0x00000000f6300000,0x00000000fb09b5d0,0x00000000fb100000)
  to   space 80896K, 0% used [0x00000000fb100000,0x00000000fb100000,0x0000000100000000)
 ParOldGen       total 231424K, used 165366K [0x00000000a0000000, 0x00000000ae200000, 0x00000000e0000000)
  object space 231424K, 71% used [0x00000000a0000000,0x00000000aa17da30,0x00000000ae200000)
 Metaspace       used 63799K, capacity 65384K, committed 65576K, reserved 1105920K
  class space    used 8075K, capacity 8404K, committed 8496K, reserved 1048576K
Event: 55.534 GC heap after
Heap after GC invocations=22 (full 4):
 PSYoungGen      total 412672K, used 55455K [0x00000000e0000000, 0x0000000100000000, 0x0000000100000000)
  eden space 331776K, 0% used [0x00000000e0000000,0x00000000e0000000,0x00000000f4400000)
  from space 80896K, 68% used [0x00000000fb100000,0x00000000fe727d80,0x0000000100000000)
  to   space 96256K, 0% used [0x00000000f4400000,0x00000000f4400000,0x00000000fa200000)
 ParOldGen       total 231424K, used 198886K [0x00000000a0000000, 0x00000000ae200000, 0x00000000e0000000)
  object space 231424K, 85% used [0x00000000a0000000,0x00000000ac239988,0x00000000ae200000)
 Metaspace       used 63799K, capacity 65384K, committed 65576K, reserved 1105920K
  class space    used 8075K, capacity 8404K, committed 8496K, reserved 1048576K
}
Event: 55.534 GC heap before
{Heap before GC invocations=23 (full 5):
 PSYoungGen      total 412672K, used 55455K [0x00000000e0000000, 0x0000000100000000, 0x0000000100000000)
  eden space 331776K, 0% used [0x00000000e0000000,0x00000000e0000000,0x00000000f4400000)
  from space 80896K, 68% used [0x00000000fb100000,0x00000000fe727d80,0x0000000100000000)
  to   space 96256K, 0% used [0x00000000f4400000,0x00000000f4400000,0x00000000fa200000)
 ParOldGen       total 231424K, used 198886K [0x00000000a0000000, 0x00000000ae200000, 0x00000000e0000000)
  object space 231424K, 85% used [0x00000000a0000000,0x00000000ac239988,0x00000000ae200000)
 Metaspace       used 63799K, capacity 65384K, committed 65576K, reserved 1105920K
  class space    used 8075K, capacity 8404K, committed 8496K, reserved 1048576K
Event: 56.672 GC heap after
Heap after GC invocations=23 (full 5):
 PSYoungGen      total 412672K, used 0K [0x00000000e0000000, 0x0000000100000000, 0x0000000100000000)
  eden space 331776K, 0% used [0x00000000e0000000,0x00000000e0000000,0x00000000f4400000)
  from space 80896K, 0% used [0x00000000fb100000,0x00000000fb100000,0x0000000100000000)
  to   space 96256K, 0% used [0x00000000f4400000,0x00000000f4400000,0x00000000fa200000)
 ParOldGen       total 231424K, used 177878K [0x00000000a0000000, 0x00000000ae200000, 0x00000000e0000000)
  object space 231424K, 76% used [0x00000000a0000000,0x00000000aadb5b10,0x00000000ae200000)
 Metaspace       used 63799K, capacity 65384K, committed 65576K, reserved 1105920K
  class space    used 8075K, capacity 8404K, committed 8496K, reserved 1048576K
}

Deoptimization events (10 events):
Event: 54.460 Thread 0x000000001e2e5800 Uncommon trap: reason=class_check action=maybe_recompile pc=0x0000000007dd5660 method=com.android.dx.cf.code.Merger.mergeType(Lcom/android/dx/rop/type/TypeBearer;Lcom/android/dx/rop/type/TypeBearer;)Lcom/android/dx/rop/type/TypeBearer; @ 28
Event: 54.460 Thread 0x000000001e2e5800 Uncommon trap: reason=bimorphic action=maybe_recompile pc=0x0000000007dd56b0 method=com.android.dx.cf.code.Merger.mergeType(Lcom/android/dx/rop/type/TypeBearer;Lcom/android/dx/rop/type/TypeBearer;)Lcom/android/dx/rop/type/TypeBearer; @ 6
Event: 54.870 Thread 0x000000001e2e6000 Uncommon trap: reason=unstable_if action=reinterpret pc=0x0000000007e33bd4 method=com.android.dx.ssa.back.FirstFitLocalCombiningAllocator.handleCheckCastResults()V @ 369
Event: 54.883 Thread 0x000000001e2ec000 Uncommon trap: reason=bimorphic action=maybe_recompile pc=0x00000000078cb1f4 method=com.android.dx.cf.code.BytecodeArray.parseInstruction(ILcom/android/dx/cf/code/BytecodeArray$Visitor;)I @ 2484
Event: 54.883 Thread 0x000000001e2ec000 Uncommon trap: reason=bimorphic action=maybe_recompile pc=0x00000000078cb1f4 method=com.android.dx.cf.code.BytecodeArray.parseInstruction(ILcom/android/dx/cf/code/BytecodeArray$Visitor;)I @ 2484
Event: 54.884 Thread 0x000000001e2ec000 Uncommon trap: reason=bimorphic action=maybe_recompile pc=0x00000000078cb1f4 method=com.android.dx.cf.code.BytecodeArray.parseInstruction(ILcom/android/dx/cf/code/BytecodeArray$Visitor;)I @ 2484
Event: 54.884 Thread 0x000000001e2ec000 Uncommon trap: reason=bimorphic action=maybe_recompile pc=0x00000000078cb1f4 method=com.android.dx.cf.code.BytecodeArray.parseInstruction(ILcom/android/dx/cf/code/BytecodeArray$Visitor;)I @ 2484
Event: 56.698 Thread 0x000000001e2e6000 Uncommon trap: reason=class_check action=maybe_recompile pc=0x0000000007ae0b58 method=com.android.dx.cf.code.RopperMachine.run(Lcom/android/dx/cf/code/Frame;II)V @ 988
Event: 56.699 Thread 0x000000001e2e6000 Uncommon trap: reason=unstable_if action=reinterpret pc=0x0000000007e7a0f0 method=com.android.dx.ssa.LiteralOpUpgrader$1.visitNonMoveInsn(Lcom/android/dx/ssa/NormalSsaInsn;)V @ 55
Event: 56.706 Thread 0x000000001e2e6000 Uncommon trap: reason=unstable_if action=reinterpret pc=0x000000000736c254 method=com.android.dx.rop.code.Insn.equalsHandleNulls(Ljava/lang/Object;Ljava/lang/Object;)Z @ 14

Internal exceptions (10 events):
Event: 22.939 Thread 0x000000001b821800 Implicit null exception at 0x00000000064eb75b to 0x00000000064ec74d
Event: 31.098 Thread 0x000000001b821800 Implicit null exception at 0x0000000006988761 to 0x0000000006988e11
Event: 32.495 Thread 0x000000001b821800 Implicit null exception at 0x000000000565c7a2 to 0x000000000565c8bf
Event: 35.548 Thread 0x000000001b821800 Exception <a 'java/lang/NoSuchMethodError': <clinit>> (0x00000000e446fc88) thrown at [C:\src\android\AOSP-openjdk\external\jetbrains\jdk\hotspot\src\share\vm\prims\jni.cpp, line 1591]
Event: 36.994 Thread 0x000000001b821800 Exception <a 'java/lang/NoSuchMethodError': <clinit>> (0x00000000e67b09d8) thrown at [C:\src\android\AOSP-openjdk\external\jetbrains\jdk\hotspot\src\share\vm\prims\jni.cpp, line 1591]
Event: 37.609 Thread 0x000000001b821800 Exception <a 'java/lang/NoSuchMethodError': <clinit>> (0x00000000e8557248) thrown at [C:\src\android\AOSP-openjdk\external\jetbrains\jdk\hotspot\src\share\vm\prims\jni.cpp, line 1591]
Event: 40.454 Thread 0x0000000021680000 Implicit null exception at 0x0000000005818fa2 to 0x00000000058190a9
Event: 40.652 Thread 0x000000001e2e7800 Implicit null exception at 0x0000000006f7dba0 to 0x0000000006f7faa1
Event: 40.655 Thread 0x000000001e2e7800 Implicit null exception at 0x00000000068c43b3 to 0x00000000068c6265
Event: 53.969 Thread 0x000000001e2e6000 Implicit null exception at 0x000000000704e83a to 0x000000000704f1a9

Events (10 events):
Event: 56.732 Executing VM operation: RevokeBias
Event: 56.732 Executing VM operation: RevokeBias done
Event: 56.732 Executing VM operation: RevokeBias
Event: 56.732 Executing VM operation: RevokeBias done
Event: 56.750 Executing VM operation: RevokeBias
Event: 56.771 Executing VM operation: RevokeBias done
Event: 56.789 Executing VM operation: RevokeBias
Event: 56.792 Executing VM operation: RevokeBias done
Event: 56.922 Thread 0x000000001e2e7000 Thread exited: 0x000000001e2e7000
Event: 56.930 Thread 0x000000001e2e6000 Thread exited: 0x000000001e2e6000


Dynamic libraries:
0x00007ff6402f0000 - 0x00007ff640321000 	D:\Android\Android Studio1\jre\bin\java.exe
0x00007ffdb2ed0000 - 0x00007ffdb30b0000 	C:\WINDOWS\SYSTEM32\ntdll.dll
0x00007ffdb2ba0000 - 0x00007ffdb2c4e000 	C:\WINDOWS\System32\KERNEL32.DLL
0x00007ffdafe60000 - 0x00007ffdb00c6000 	C:\WINDOWS\System32\KERNELBASE.dll
0x00007ffdb05d0000 - 0x00007ffdb0671000 	C:\WINDOWS\System32\ADVAPI32.dll
0x00007ffdb2480000 - 0x00007ffdb251d000 	C:\WINDOWS\System32\msvcrt.dll
0x00007ffdb2390000 - 0x00007ffdb23eb000 	C:\WINDOWS\System32\sechost.dll
0x00007ffdb2860000 - 0x00007ffdb297f000 	C:\WINDOWS\System32\RPCRT4.dll
0x00007ffdb03a0000 - 0x00007ffdb052f000 	C:\WINDOWS\System32\USER32.dll
0x00007ffdaf470000 - 0x00007ffdaf490000 	C:\WINDOWS\System32\win32u.dll
0x00007ffdb2450000 - 0x00007ffdb2478000 	C:\WINDOWS\System32\GDI32.dll
0x00007ffdaf2d0000 - 0x00007ffdaf463000 	C:\WINDOWS\System32\gdi32full.dll
0x00007ffdb01d0000 - 0x00007ffdb026b000 	C:\WINDOWS\System32\msvcp_win.dll
0x00007ffdb00d0000 - 0x00007ffdb01c6000 	C:\WINDOWS\System32\ucrtbase.dll
0x00007ffd9fc10000 - 0x00007ffd9fe79000 	C:\WINDOWS\WinSxS\amd64_microsoft.windows.common-controls_6595b64144ccf1df_6.0.16299.125_none_15cbcf8893620c09\COMCTL32.dll
0x00007ffdb0ad0000 - 0x00007ffdb0dd8000 	C:\WINDOWS\System32\combase.dll
0x00007ffdb0270000 - 0x00007ffdb02e2000 	C:\WINDOWS\System32\bcryptPrimitives.dll
0x00007ffdb2a00000 - 0x00007ffdb2a2d000 	C:\WINDOWS\System32\IMM32.DLL
0x000000005f040000 - 0x000000005f112000 	D:\Android\Android Studio1\jre\jre\bin\msvcr100.dll
0x000000005f120000 - 0x000000005f954000 	D:\Android\Android Studio1\jre\jre\bin\server\jvm.dll
0x00007ffdb2e90000 - 0x00007ffdb2e98000 	C:\WINDOWS\System32\PSAPI.DLL
0x00007ffdab9c0000 - 0x00007ffdab9e3000 	C:\WINDOWS\SYSTEM32\WINMM.dll
0x00007ffd9f320000 - 0x00007ffd9f32a000 	C:\WINDOWS\SYSTEM32\VERSION.dll
0x00007ffdab870000 - 0x00007ffdab879000 	C:\WINDOWS\SYSTEM32\WSOCK32.dll
0x00007ffdb2980000 - 0x00007ffdb29ec000 	C:\WINDOWS\System32\WS2_32.dll
0x00007ffdab960000 - 0x00007ffdab98a000 	C:\WINDOWS\SYSTEM32\WINMMBASE.dll
0x00007ffdb02f0000 - 0x00007ffdb033a000 	C:\WINDOWS\System32\cfgmgr32.dll
0x00007ffdaaae0000 - 0x00007ffdaaaef000 	D:\Android\Android Studio1\jre\jre\bin\verify.dll
0x00007ffda0640000 - 0x00007ffda0669000 	D:\Android\Android Studio1\jre\jre\bin\java.dll
0x00007ffdaaac0000 - 0x00007ffdaaad6000 	D:\Android\Android Studio1\jre\jre\bin\zip.dll
0x00007ffdb0de0000 - 0x00007ffdb2216000 	C:\WINDOWS\System32\SHELL32.dll
0x00007ffdb2de0000 - 0x00007ffdb2e86000 	C:\WINDOWS\System32\shcore.dll
0x00007ffdaf710000 - 0x00007ffdafe57000 	C:\WINDOWS\System32\windows.storage.dll
0x00007ffdb2c50000 - 0x00007ffdb2ca1000 	C:\WINDOWS\System32\shlwapi.dll
0x00007ffdaf220000 - 0x00007ffdaf231000 	C:\WINDOWS\System32\kernel.appcore.dll
0x00007ffdaf280000 - 0x00007ffdaf2cc000 	C:\WINDOWS\System32\powrprof.dll
0x00007ffdaf240000 - 0x00007ffdaf25b000 	C:\WINDOWS\System32\profapi.dll
0x00007ffda9c10000 - 0x00007ffda9c2a000 	D:\Android\Android Studio1\jre\jre\bin\net.dll
0x00007ffdaeab0000 - 0x00007ffdaeb16000 	C:\WINDOWS\system32\mswsock.dll
0x00007ffda0080000 - 0x00007ffda0091000 	D:\Android\Android Studio1\jre\jre\bin\nio.dll
0x00007ffda21d0000 - 0x00007ffda21e2000 	C:\Users\k41\.gradle\native\19\windows-amd64\native-platform.dll
0x00007ffdaec80000 - 0x00007ffdaec97000 	C:\WINDOWS\SYSTEM32\CRYPTSP.dll
0x00007ffdae6c0000 - 0x00007ffdae6f3000 	C:\WINDOWS\system32\rsaenh.dll
0x00007ffdaed80000 - 0x00007ffdaeda5000 	C:\WINDOWS\SYSTEM32\bcrypt.dll
0x00007ffdaf150000 - 0x00007ffdaf179000 	C:\WINDOWS\SYSTEM32\USERENV.dll
0x00007ffdaec70000 - 0x00007ffdaec7b000 	C:\WINDOWS\SYSTEM32\CRYPTBASE.dll
0x00007ffdae840000 - 0x00007ffdae879000 	C:\WINDOWS\SYSTEM32\IPHLPAPI.DLL
0x00007ffdb2520000 - 0x00007ffdb2528000 	C:\WINDOWS\System32\NSI.dll
0x00007ffda8b00000 - 0x00007ffda8b16000 	C:\WINDOWS\SYSTEM32\dhcpcsvc6.DLL
0x00007ffda8ae0000 - 0x00007ffda8afa000 	C:\WINDOWS\SYSTEM32\dhcpcsvc.DLL
0x00007ffda96c0000 - 0x00007ffda96cd000 	D:\Android\Android Studio1\jre\jre\bin\management.dll

VM Arguments:
jvm_args: -Xmx1536m -Dfile.encoding=GBK -Duser.country=CN -Duser.language=zh -Duser.variant 
java_command: org.gradle.launcher.daemon.bootstrap.GradleDaemon 2.14.1
java_class_path (initial): D:\Android\Android Studio1\gradle\gradle-2.14.1\lib\gradle-launcher-2.14.1.jar
Launcher Type: SUN_STANDARD

Environment Variables:
JAVA_HOME=C:\Program Files\Java\jdk1.8.0_131
PATH=C:\ProgramData\Oracle\Java\javapath;C:\WINDOWS\system32;C:\WINDOWS;C:\WINDOWS\System32\Wbem;C:\WINDOWS\System32\WindowsPowerShell\v1.0\;D:\TortoiseSVN\bin;D:\Android\sdk1\ndk-bundle\ndk-build.cmd;D:\Android\sdk1\platform-tools;C:\Program Files\Java\jdk1.8.0_131\bin;C:\Program Files\Java\jdk1.8.0_131\lib\dt.jar;C:\Program Files\Java\jdk1.8.0_131\jre\bin;D:\Android_tools\apache-tomcat-7.0.79-windows-x64\apache-tomcat-7.0.79\lib;D:\Android_tools\apache-tomcat-7.0.79-windows-x64\apache-tomcat-7.0.79\lib\servlet-api.jar;D:\Android_tools\apache-tomcat-7.0.79-windows-x64\apache-tomcat-7.0.79\lib\jsp-api.jar;C:\Program Files\OpenVPN\bin;C:\Users\k41\AppData\Local\Microsoft\WindowsApps;D:\Android_tools\mysql-5.6.37\mysql-5.6.37\bin£»;
USERNAME=k41
OS=Windows_NT
PROCESSOR_IDENTIFIER=Intel64 Family 6 Model 78 Stepping 3, GenuineIntel



---------------  S Y S T E M  ---------------

OS: Windows 10.0 , 64 bit Build 16299 (10.0.16299.15)

CPU:total 4 (2 cores per cpu, 2 threads per core) family 6 model 78 stepping 3, cmov, cx8, fxsr, mmx, sse, sse2, sse3, ssse3, sse4.1, sse4.2, popcnt, avx, avx2, aes, clmul, erms, 3dnowpref, lzcnt, ht, tsc, tscinvbit, bmi1, bmi2, adx

Memory: 4k page, physical 7798880k(499296k free), swap 20906204k(4976k free)

vm_info: OpenJDK 64-Bit Server VM (25.76-b03) for windows-amd64 JRE (1.8.0_76-release-b03), built on Jun 29 2016 19:09:20 by "ralucas" with MS VC++ 10.0 (VS2010)

time: Thu Feb 01 18:41:29 2018
elapsed time: 57 seconds (0d 0h 0m 57s)

